proguard/seeds.txt
com.gis.client.R$anim: int alarm_anim
com.gis.client.R$anim: int progressbar_spin
com.gis.client.R$anim: int slide_left_in
com.gis.client.R$anim: int slide_left_out
com.gis.client.R$anim: int slide_right_in
com.gis.client.R$anim: int slide_right_out
com.gis.client.R$array: int alarm_query_type_array
com.gis.client.R$array: int curve_query_type_array
com.gis.client.R$array: int history_query_type_array
com.gis.client.R$array: int line_value_array
com.gis.client.R$array: int statistics_gate_sel_devices_array
com.gis.client.R$array: int statistics_gate_type_array
com.gis.client.R$array: int switch_value_array
com.gis.client.R$array: int voltage_value_array
com.gis.client.R$attr: int autoAdapt
com.gis.client.R$attr: int collapsible
com.gis.client.R$attr: int handle_trackball_press
com.gis.client.R$attr: int indent_width
com.gis.client.R$attr: int indicator_gravity
com.gis.client.R$attr: int src_collapsed
com.gis.client.R$attr: int src_expanded
com.gis.client.R$color: int black
com.gis.client.R$color: int blue
com.gis.client.R$color: int blue_bg
com.gis.client.R$color: int brown
com.gis.client.R$color: int deep_black
com.gis.client.R$color: int deep_gray
com.gis.client.R$color: int dialog_bg_dark
com.gis.client.R$color: int dialog_msg
com.gis.client.R$color: int divider_gray
com.gis.client.R$color: int drop_down_bg
com.gis.client.R$color: int font_black
com.gis.client.R$color: int font_gray_dark
com.gis.client.R$color: int font_yellow
com.gis.client.R$color: int gold
com.gis.client.R$color: int gray_bg
com.gis.client.R$color: int half_black
com.gis.client.R$color: int list_divider
com.gis.client.R$color: int list_greed
com.gis.client.R$color: int orange
com.gis.client.R$color: int red
com.gis.client.R$color: int transparent
com.gis.client.R$color: int userinfo_red
com.gis.client.R$color: int white
com.gis.client.R$drawable: int app_logo
com.gis.client.R$drawable: int area_img
com.gis.client.R$drawable: int area_spinner_normol
com.gis.client.R$drawable: int area_spinner_pressed
com.gis.client.R$drawable: int back_btn_click
com.gis.client.R$drawable: int btn_click
com.gis.client.R$drawable: int btn_default_holo_dark
com.gis.client.R$drawable: int btn_dialog_dark
com.gis.client.R$drawable: int btn_focused_holo_dark
com.gis.client.R$drawable: int btn_normal
com.gis.client.R$drawable: int btn_pressed
com.gis.client.R$drawable: int btn_pressed_holo_dark
com.gis.client.R$drawable: int btn_tree_img_in_click
com.gis.client.R$drawable: int btn_tree_img_out_click
com.gis.client.R$drawable: int egame_fillbox
com.gis.client.R$drawable: int exit_btn_click
com.gis.client.R$drawable: int exit_btn_normal
com.gis.client.R$drawable: int ic_launcher
com.gis.client.R$drawable: int ic_pulltorefresh_arrow
com.gis.client.R$drawable: int ic_pulltorefresh_arrow_up
com.gis.client.R$drawable: int img_center
com.gis.client.R$drawable: int input_pwd_layout_bg
com.gis.client.R$drawable: int input_user_layout_bg
com.gis.client.R$drawable: int login_bg
com.gis.client.R$drawable: int login_btn_click
com.gis.client.R$drawable: int login_btn_normal
com.gis.client.R$drawable: int login_btn_pressed
com.gis.client.R$drawable: int login_land
com.gis.client.R$drawable: int main_sel_btn_normol
com.gis.client.R$drawable: int main_sel_btn_pressed
com.gis.client.R$drawable: int password_bg
...
com.baidu.mapapi.search.MKRouteAddrResult
com.baidu.mapapi.search.MKRouteAddrResult: java.util.ArrayList mStartPoiList
com.baidu.mapapi.search.MKRouteAddrResult: java.util.ArrayList mEndPoiList
com.baidu.mapapi.search.MKRouteAddrResult: java.util.ArrayList mWpPoiList
com.baidu.mapapi.search.MKRouteAddrResult: java.util.ArrayList mStartCityList
com.baidu.mapapi.search.MKRouteAddrResult: java.util.ArrayList mEndCityList
com.baidu.mapapi.search.MKRouteAddrResult: java.util.ArrayList mWpCityList
com.baidu.mapapi.search.MKRouteAddrResult: MKRouteAddrResult()
com.baidu.mapapi.search.MKRoutePlan
com.baidu.mapapi.search.MKRoutePlan: int a
com.baidu.mapapi.search.MKRoutePlan: int b
com.baidu.mapapi.search.MKRoutePlan: java.util.ArrayList c
com.baidu.mapapi.search.MKRoutePlan: MKRoutePlan()
com.baidu.mapapi.search.MKRoutePlan: void a(java.util.ArrayList)
com.baidu.mapapi.search.MKRoutePlan: int getNumRoutes()
com.baidu.mapapi.search.MKRoutePlan: com.baidu.mapapi.search.MKRoute getRoute(int)
com.baidu.mapapi.search.MKRoutePlan: void a(int)
com.baidu.mapapi.search.MKRoutePlan: void b(int)
com.baidu.mapapi.search.MKRoutePlan: int getDistance()
com.baidu.mapapi.search.MKRoutePlan: int getTime()
com.baidu.mapapi.search.MKSearch
com.baidu.mapapi.search.MKSearch: int ECAR_AVOID_JAM
com.baidu.mapapi.search.MKSearch: int ECAR_TIME_FIRST
com.baidu.mapapi.search.MKSearch: int ECAR_DIS_FIRST
com.baidu.mapapi.search.MKSearch: int ECAR_FEE_FIRST
com.baidu.mapapi.search.MKSearch: int EBUS_TIME_FIRST
com.baidu.mapapi.search.MKSearch: int EBUS_TRANSFER_FIRST
com.baidu.mapapi.search.MKSearch: int EBUS_WALK_FIRST
com.baidu.mapapi.search.MKSearch: int EBUS_NO_SUBWAY
com.baidu.mapapi.search.MKSearch: int TYPE_CITY_LIST
com.baidu.mapapi.search.MKSearch: int TYPE_POI_LIST
com.baidu.mapapi.search.MKSearch: int TYPE_AREA_POI_LIST
com.baidu.mapapi.search.MKSearch: int TYPE_AREA_MULTI_POI_LIST
com.baidu.mapapi.search.MKSearch: int POI_DETAIL_SEARCH
com.baidu.mapapi.search.MKSearch: com.baidu.platform.comapi.basestruct.b b
com.baidu.mapapi.search.MKSearch: java.lang.String c
com.baidu.mapapi.search.MKSearch: java.lang.String[] d
com.baidu.mapapi.search.MKSearch: java.lang.String e
com.baidu.mapapi.search.MKSearch: int f
com.baidu.mapapi.search.MKSearch: int g
com.baidu.mapapi.search.MKSearch: int h
com.baidu.mapapi.search.MKSearch: com.baidu.mapapi.search.MKSearchListener a
com.baidu.mapapi.search.MKSearch: int i
com.baidu.mapapi.search.MKSearch: int j
com.baidu.mapapi.search.MKSearch: com.baidu.mapapi.search.MKSearch$a k
com.baidu.mapapi.search.MKSearch: com.baidu.mapapi.BMapManager l
com.baidu.mapapi.search.MKSearch: int m
com.baidu.mapapi.search.MKSearch: MKSearch()
com.baidu.mapapi.search.MKSearch$1
com.baidu.mapapi.search.MKSearch$a
com.baidu.mapapi.search.MKSearch$a: com.baidu.mapapi.search.MKSearch a
com.baidu.mapapi.search.MKSearch$a: MKSearch$a(com.baidu.mapapi.search.MKSearch)
com.baidu.mapapi.search.MKSearch$a: void a(java.lang.String)
com.baidu.mapapi.search.MKSearch$a: void b(java.lang.String)
com.baidu.mapapi.search.MKSearch$a: void c(java.lang.String)
com.baidu.mapapi.search.MKSearch$a: void d(java.lang.String)
com.baidu.mapapi.search.MKSearch$a: void e(java.lang.String)
com.baidu.mapapi.search.MKSearch$a: void f(java.lang.String)
com.baidu.mapapi.search.MKSearch$a: void g(java.lang.String)
com.baidu.mapapi.search.MKSearch$a: void h(java.lang.String)
com.baidu.mapapi.search.MKSearch$a: void i(java.lang.String)
com.baidu.mapapi.search.MKSearch$a: void j(java.lang.String)
com.baidu.mapapi.search.MKSearch$a: void k(java.lang.String)
com.baidu.mapapi.search.MKSearch$a: void l(java.lang.String)
com.baidu.mapapi.search.MKSearch$a: void m(java.lang.String)
com.baidu.mapapi.search.MKSearch$a: void n(java.lang.String)
com.baidu.mapapi.search.MKSearch$a: void o(java.lang.String)
com.baidu.mapapi.search.MKSearch$a: void a(int)
com.baidu.mapapi.search.MKSearch$a: MKSearch$a(com.baidu.mapapi.search.MKSearch,com.baidu.mapapi.search.MKSearch$1)