proguard/mapping.txt
com.gis.client.R -> com.gis.client.a:
com.gis.client.R$styleable -> com.gis.client.b:
    int[] TreeListView -> TreeListView
    int TreeListView_autoAdapt -> TreeListView_autoAdapt
    int TreeListView_collapsible -> TreeListView_collapsible
    int TreeListView_handle_trackball_press -> TreeListView_handle_trackball_press
    int TreeListView_indent_width -> TreeListView_indent_width
    int TreeListView_indicator_gravity -> TreeListView_indicator_gravity
    int TreeListView_src_collapsed -> TreeListView_src_collapsed
    int TreeListView_src_expanded -> TreeListView_src_expanded
com.gis.client.activity.login.LoginActivity -> com.gis.client.activity.login.LoginActivity:
    android.content.Context mContext -> a
    android.widget.EditText mUserEdit -> b
    android.widget.EditText mPwdEdit -> c
    android.widget.CheckBox autoLoginCheckBox -> d
    com.gis.client.common.CommonProgressDialog mProgressDialog -> e
    boolean mExit -> f
    android.widget.Spinner mAreaSpinner -> g
    java.util.List mHostIpList -> h
    void onCreate(android.os.Bundle) -> onCreate
    void initView() -> a
    void onConfigurationChanged(android.content.res.Configuration) -> onConfigurationChanged
    void getHostIpArray() -> b
    java.lang.String convertCodeAndGetText(java.lang.String) -> a
    void onClick(android.view.View) -> onClick
    void onDestroy() -> onDestroy
    void onBackPressed() -> onBackPressed
    void showExitDialog() -> c
    android.content.Context access$0(com.gis.client.activity.login.LoginActivity) -> a
    boolean access$1(com.gis.client.activity.login.LoginActivity) -> b
    void access$2(com.gis.client.activity.login.LoginActivity,com.gis.client.common.CommonProgressDialog) -> a
    com.gis.client.common.CommonProgressDialog access$3(com.gis.client.activity.login.LoginActivity) -> c
    android.widget.EditText access$4(com.gis.client.activity.login.LoginActivity) -> d
    android.widget.CheckBox access$5(com.gis.client.activity.login.LoginActivity) -> e
    android.widget.EditText access$6(com.gis.client.activity.login.LoginActivity) -> f
com.gis.client.activity.login.LoginActivity$1 -> com.gis.client.activity.login.a:
    com.gis.client.activity.login.LoginActivity this$0 -> a
    void onClick(android.content.DialogInterface,int) -> onClick
com.gis.client.activity.login.LoginActivity$2 -> com.gis.client.activity.login.b:
    com.gis.client.activity.login.LoginActivity this$0 -> a
    void onClick(android.content.DialogInterface,int) -> onClick
com.gis.client.activity.login.LoginActivity$LoginTask -> com.gis.client.activity.login.c:
    com.gis.client.activity.login.LoginActivity this$0 -> a
    void onPreExecute() -> onPreExecute
    java.lang.String doInBackground(java.lang.String[]) -> a
    void onPostExecute(java.lang.String) -> a
    void onPostExecute(java.lang.Object) -> onPostExecute
    java.lang.Object doInBackground(java.lang.Object[]) -> doInBackground
...
android.support.v4.app.LoaderManager$LoaderCallbacks -> android.support.v4.app.x:
    android.support.v4.content.Loader onCreateLoader(int,android.os.Bundle) -> a
    void onLoadFinished(android.support.v4.content.Loader,java.lang.Object) -> a
    void onLoaderReset(android.support.v4.content.Loader) -> a
android.support.v4.app.LoaderManagerImpl -> android.support.v4.app.y:
    boolean DEBUG -> a
    android.support.v4.util.SparseArrayCompat mLoaders -> b
    android.support.v4.util.SparseArrayCompat mInactiveLoaders -> c
    java.lang.String mWho -> d
    android.support.v4.app.FragmentActivity mActivity -> e
    boolean mStarted -> f
    boolean mRetaining -> g
    void updateActivity(android.support.v4.app.FragmentActivity) -> a
    void doStart() -> b
    void doStop() -> c
    void doRetain() -> d
    void finishRetain() -> e
    void doReportNextStart() -> f
    void doReportStart() -> g
    void doDestroy() -> h
    java.lang.String toString() -> toString
    void dump(java.lang.String,java.io.FileDescriptor,java.io.PrintWriter,java.lang.String[]) -> a
    boolean hasRunningLoaders() -> a
android.support.v4.app.LoaderManagerImpl$LoaderInfo -> android.support.v4.app.z:
    int mId -> a
    android.os.Bundle mArgs -> b
    android.support.v4.app.LoaderManager$LoaderCallbacks mCallbacks -> c
    android.support.v4.content.Loader mLoader -> d
    boolean mHaveData -> e
    boolean mDeliveredData -> f
    java.lang.Object mData -> g
    boolean mStarted -> h
    boolean mRetaining -> i
    boolean mRetainingStarted -> j
    boolean mReportNextStart -> k
    boolean mDestroyed -> l
    boolean mListenerRegistered -> m
    android.support.v4.app.LoaderManagerImpl$LoaderInfo mPendingLoader -> n
    android.support.v4.app.LoaderManagerImpl this$0 -> o
    void start() -> a
    void retain() -> b
    void finishRetain() -> c
    void reportStart() -> d
    void stop() -> e
    void destroy() -> f
    void callOnLoadFinished(android.support.v4.content.Loader,java.lang.Object) -> a
    java.lang.String toString() -> toString
    void dump(java.lang.String,java.io.FileDescriptor,java.io.PrintWriter,java.lang.String[]) -> a
android.support.v4.app.NoSaveStateFrameLayout -> android.support.v4.app.aa:
    android.view.ViewGroup wrap(android.view.View) -> a
    void dispatchSaveInstanceState(android.util.SparseArray) -> dispatchSaveInstanceState
    void dispatchRestoreInstanceState(android.util.SparseArray) -> dispatchRestoreInstanceState
android.support.v4.app.SuperNotCalledException -> android.support.v4.app.ab:
android.support.v4.content.Loader -> android.support.v4.a.a:
    int mId -> a
    android.support.v4.content.Loader$OnLoadCompleteListener mListener -> b
    boolean mStarted -> c
    boolean mAbandoned -> d
    boolean mReset -> e
    boolean mContentChanged -> f
    void registerListener(int,android.support.v4.content.Loader$OnLoadCompleteListener) -> a
    void unregisterListener(android.support.v4.content.Loader$OnLoadCompleteListener) -> a
    void startLoading() -> a
    void onStartLoading() -> b
    void stopLoading() -> c
    void onStopLoading() -> d
    void reset() -> e
    void onReset() -> f
    java.lang.String dataToString(java.lang.Object) -> a
    java.lang.String toString() -> toString
    void dump(java.lang.String,java.io.FileDescriptor,java.io.PrintWriter,java.lang.String[]) -> a
android.support.v4.content.Loader$OnLoadCompleteListener -> android.support.v4.a.b:
android.support.v4.os.ParcelableCompat -> android.support.v4.b.a:
    android.os.Parcelable$Creator newCreator(android.support.v4.os.ParcelableCompatCreatorCallbacks) -> a
android.support.v4.os.ParcelableCompat$CompatCreator -> android.support.v4.b.b:
    android.support.v4.os.ParcelableCompatCreatorCallbacks mCallbacks -> a
    java.lang.Object createFromParcel(android.os.Parcel) -> createFromParcel
    java.lang.Object[] newArray(int) -> newArray