proguard/usage.txt
com.gis.client.BuildConfig
com.gis.client.R:
    10:10:public R()
com.gis.client.R$anim
com.gis.client.R$array
com.gis.client.R$attr
com.gis.client.R$color
com.gis.client.R$drawable
com.gis.client.R$id
com.gis.client.R$layout
com.gis.client.R$menu
com.gis.client.R$raw
com.gis.client.R$string
com.gis.client.R$style
com.gis.client.R$styleable:
    563:563:public R$styleable()
com.gis.client.activity.map.MainMapActivity:
    private static final int REFRESH
    private static final int REGETINFO
com.gis.client.activity.map.MainMapActivity$9:
    338:346:public void failed()
com.gis.client.activity.query.alarm.AlarmInfoActivity:
    private static final int mCount
com.gis.client.activity.query.curve.CurveActivity:
    private static final int START_TIME
    private static final int END_TIME
    301:334:private void controlTime(java.lang.String,int)
com.gis.client.activity.query.history.HistoryEventActivity:
    private static final int mCount
com.gis.client.activity.query.show.ShowInfoActivity:
    private static final int REFRESH
com.gis.client.activity.query.show.ShowInfoAdapter:
    private java.util.List mDatas
    25:31:public ShowInfoAdapter(android.content.Context,java.util.List,java.util.List)
    154:163:private com.gis.client.model.SwitchInfo getSwitchInfoById(int)
com.gis.client.activity.query.statistics.defend.StatisticsDefendActivity:
    private static final int mCount
com.gis.client.activity.query.statistics.gate.StatisticsGateActivity:
    private static final int mCount
com.gis.client.activity.query.tree.TreeLineActivity:
    private com.gis.client.model.CommonObject currentObject
    private android.widget.Button openAllBtn
    private android.widget.Button clossAllBtn
    private android.widget.Button clearLabelBtn
    101:147:private void fillData()
    150:164:private void checkSuperLine(com.gis.client.model.Line)
com.gis.client.activity.query.tree.TreeListView:
    private static final int DEFAULT_COLLAPSED_RESOURCE
    private static final int DEFAULT_EXPANDED_RESOURCE
    private static final int DEFAULT_INDENT
    private static final int DEFAULT_GRAVITY
    162:162:public boolean isCollapsible()
    166:166:public boolean isHandleTrackballPress()
com.gis.client.activity.query.tree.adapter.AbstractTreeViewAdapter:
    68:68:protected com.gis.client.activity.query.tree.util.TreeStateManager getManager()
    97:97:public boolean isAutoAdapt()
    105:105:protected int getItemPadding()
com.gis.client.activity.query.tree.util.InMemoryTreeNode:
    private static final long serialVersionUID
    84:86:public synchronized void clearChildren()
    89:94:public synchronized void removeChild(java.lang.Object)
com.gis.client.activity.query.tree.util.InMemoryTreeStateManager:
    private static final long serialVersionUID
    47:48:public void setVisibleByDefault(boolean)
    115:130:public synchronized void addBeforeChild(java.lang.Object,java.lang.Object,java.lang.Object)
    153:161:public synchronized void removeNodeRecursively(java.lang.Object)
    164:177:private boolean removeNodeRecursively(com.gis.client.activity.query.tree.util.InMemoryTreeNode)
    199:203:public synchronized void expandEverythingBelow(java.lang.Object)
    236:246:public synchronized java.lang.Object getPreviousSibling(java.lang.Object)
    364:367:public synchronized void clear()
com.gis.client.activity.query.tree.util.NodeAlreadyInTreeException:
    private static final long serialVersionUID
com.gis.client.activity.query.tree.util.NodeNotInTreeException:
    private static final long serialVersionUID
com.gis.client.activity.query.tree.util.TreeConfigurationException:
    private static final long serialVersionUID
com.gis.client.activity.query.tree.util.TreeNodeInfo:
    51:51:public boolean isVisible()
...
android.support.v4.view.AccessibilityDelegateCompatIcs
android.support.v4.view.AccessibilityDelegateCompatIcs$1
android.support.v4.view.AccessibilityDelegateCompatIcs$AccessibilityDelegateBridge
android.support.v4.view.AccessibilityDelegateCompatJellyBean
android.support.v4.view.AccessibilityDelegateCompatJellyBean$1
android.support.v4.view.AccessibilityDelegateCompatJellyBean$AccessibilityDelegateBridgeJellyBean
android.support.v4.view.GestureDetectorCompat
android.support.v4.view.GestureDetectorCompat$GestureDetectorCompatImpl
android.support.v4.view.GestureDetectorCompat$GestureDetectorCompatImplBase
android.support.v4.view.GestureDetectorCompat$GestureDetectorCompatImplBase$GestureHandler
android.support.v4.view.GestureDetectorCompat$GestureDetectorCompatImplJellybeanMr1
android.support.v4.view.KeyEventCompat:
    25:95:public KeyEventCompat()
    127:127:public static int normalizeMetaState(int)
    131:131:public static boolean metaStateHasModifiers(int,int)
    135:135:public static boolean metaStateHasNoModifiers(int)
android.support.v4.view.KeyEventCompat$BaseKeyEventVersionImpl:
    private static final int META_MODIFIER_MASK
    private static final int META_ALL_MASK
android.support.v4.view.KeyEventCompat$HoneycombKeyEventVersionImpl:
    98:98:public int normalizeMetaState(int)
android.support.v4.view.KeyEventCompat$KeyEventVersionImpl:
    public abstract int normalizeMetaState(int)
android.support.v4.view.KeyEventCompatHoneycomb:
    24:24:KeyEventCompatHoneycomb()
    26:26:public static int normalizeMetaState(int)
android.support.v4.view.MenuCompat
android.support.v4.view.MenuCompat$BaseMenuVersionImpl
android.support.v4.view.MenuCompat$HoneycombMenuVersionImpl
android.support.v4.view.MenuCompat$MenuVersionImpl
android.support.v4.view.MenuItemCompat
android.support.v4.view.MenuItemCompat$BaseMenuVersionImpl
android.support.v4.view.MenuItemCompat$HoneycombMenuVersionImpl
android.support.v4.view.MenuItemCompat$MenuVersionImpl
android.support.v4.view.MenuItemCompatHoneycomb
android.support.v4.view.MotionEventCompat:
    public static final int ACTION_MASK
    public static final int ACTION_POINTER_DOWN
    public static final int ACTION_POINTER_UP
    public static final int ACTION_HOVER_MOVE
    public static final int ACTION_SCROLL
    public static final int ACTION_POINTER_INDEX_MASK
    public static final int ACTION_POINTER_INDEX_SHIFT
    public static final int ACTION_HOVER_ENTER
    public static final int ACTION_HOVER_EXIT
    25:80:public MotionEventCompat()
    183:183:public static int getActionMasked(android.view.MotionEvent)
    236:236:public static int getPointerCount(android.view.MotionEvent)
android.support.v4.view.MotionEventCompat$BaseMotionEventVersionImpl:
    73:73:public int getPointerCount(android.view.MotionEvent)
android.support.v4.view.MotionEventCompat$EclairMotionEventVersionImpl:
    99:99:public int getPointerCount(android.view.MotionEvent)
android.support.v4.view.MotionEventCompat$MotionEventVersionImpl:
    public abstract int getPointerCount(android.view.MotionEvent)
android.support.v4.view.MotionEventCompatEclair:
    24:24:MotionEventCompatEclair()
    38:38:public static int getPointerCount(android.view.MotionEvent)
android.support.v4.view.PagerAdapter:
    public static final int POSITION_UNCHANGED
    public static final int POSITION_NONE
    78:79:public PagerAdapter()
    276:277:public void notifyDataSetChanged()
    297:297:public java.lang.CharSequence getPageTitle(int)
android.support.v4.view.PagerTabStrip
android.support.v4.view.PagerTabStrip$1
android.support.v4.view.PagerTabStrip$2
android.support.v4.view.PagerTitleStrip
android.support.v4.view.PagerTitleStrip$1
android.support.v4.view.PagerTitleStrip$PageListener
android.support.v4.view.PagerTitleStrip$PagerTitleStripImpl
android.support.v4.view.PagerTitleStrip$PagerTitleStripImplBase
android.support.v4.view.PagerTitleStrip$PagerTitleStripImplIcs
android.support.v4.view.PagerTitleStripIcs